[{"battery":4183,"powerBankNo":"p010000001283024","powerBankStatus":0,"slotId":0,"slotStatus":1},{"battery":3531,"powerBankNo":"p010000001505286","powerBankStatus":0,"slotId":1,"slotStatus":1},{"battery":3631,"powerBankNo":"p010000001335856","powerBankStatus":0,"slotId":3,"slotStatus":1}]
[{"battery":3522,"powerBankNo":"p020000000313491","powerBankStatus":0,"slotId":1,"slotStatus":1},{"battery":3562,"powerBankNo":"p020000000438021","powerBankStatus":0,"slotId":3,"slotStatus":1},{"battery":3673,"powerBankNo":"p020000000420958","powerBankStatus":0,"slotId":4,"slotStatus":1}]
[{"battery":3653,"powerBankNo":"p020000000088214","powerBankStatus":0,"slotId":1,"slotStatus":1},{"battery":3643,"powerBankNo":"p010000001436794","powerBankStatus":0,"slotId":3,"slotStatus":1},{"battery":3509,"powerBankNo":"p010000000520288","powerBankStatus":0,"slotId":7,"slotStatus":1}]
[{"battery":3643,"powerBankNo":"p020000000264357","powerBankStatus":0,"slotId":3,"slotStatus":1},{"battery":3284,"powerBankNo":"p020000000323943","powerBankStatus":1,"slotId":6,"slotStatus":1}]
[{"battery":3684,"powerBankNo":"p010000000702336","powerBankStatus":0,"slotId":3,"slotStatus":1}]
[{"battery":3539,"powerBankNo":"p010000000596334","powerBankStatus":0,"slotId":2,"slotStatus":1}]
[{"battery":3585,"powerBankNo":"p020000000330271","powerBankStatus":0,"slotId":7,"slotStatus":1}]
[{"battery":3643,"powerBankNo":"p020000000450760","powerBankStatus":0,"slotId":3,"slotStatus":1},{"battery":3588,"powerBankNo":"p020000000261467","powerBankStatus":0,"slotId":4,"slotStatus":1},{"battery":3521,"powerBankNo":"p010000001699083","powerBankStatus":0,"slotId":5,"slotStatus":1},{"battery":3612,"powerBankNo":"p010000001582847","powerBankStatus":0,"slotId":6,"slotStatus":1}]
[{"battery":3622,"powerBankNo":"p020000000072704","powerBankStatus":0,"slotId":7,"slotStatus":1}]
[{"battery":3632,"powerBankNo":"p020000000064122","powerBankStatus":0,"slotId":7,"slotStatus":1}]
[{"battery":4177,"powerBankNo":"p010000000828900","powerBankStatus":0,"slotId":1,"slotStatus":1},{"battery":4186,"powerBankNo":"p010000001297158","powerBankStatus":0,"slotId":3,"slotStatus":1},{"battery":3596,"powerBankNo":"p010000000365365","powerBankStatus":0,"slotId":4,"slotStatus":1},{"battery":4187,"powerBankNo":"p010000001075622","powerBankStatus":0,"slotId":5,"slotStatus":1},{"battery":2844,"powerBankNo":"p010000001159489","powerBankStatus":0,"slotId":6,"slotStatus":1}]
[{"battery":3544,"powerBankNo":"p010000000407913","powerBankStatus":0,"slotId":5,"slotStatus":2}]
[{"battery":3536,"powerBankNo":"p010000001032642","powerBankStatus":0,"slotId":3,"slotStatus":1},{"battery":3670,"powerBankNo":"p010000000593250","powerBankStatus":0,"slotId":4,"slotStatus":1},{"battery":3618,"powerBankNo":"p010000000437454","powerBankStatus":0,"slotId":5,"slotStatus":1}]
[{"battery":4204,"powerBankNo":"p010000001108531","powerBankStatus":0,"slotId":3,"slotStatus":1},{"battery":3726,"powerBankNo":"p010000001112080","powerBankStatus":0,"slotId":4,"slotStatus":1},{"battery":3577,"powerBankNo":"p010000000993129","powerBankStatus":0,"slotId":5,"slotStatus":1},{"battery":4044,"powerBankNo":"p010000001130155","powerBankStatus":0,"slotId":6,"slotStatus":1},{"battery":3596,"powerBankNo":"p010000001023685","powerBankStatus":0,"slotId":7,"slotStatus":1}]
[{"battery":3433,"powerBankNo":"p010000001091286","powerBankStatus":0,"slotId":1,"slotStatus":1},{"battery":4174,"powerBankNo":"p010000001088182","powerBankStatus":0,"slotId":2,"slotStatus":1},{"battery":4119,"powerBankNo":"p010000001085163","powerBankStatus":0,"slotId":4,"slotStatus":1},{"battery":4192,"powerBankNo":"p010000000989396","powerBankStatus":0,"slotId":6,"slotStatus":1}]
[{"battery":3155,"powerBankNo":"p010000000814041","powerBankStatus":0,"slotId":5,"slotStatus":1}]
[{"battery":3443,"powerBankNo":"p010000001400194","powerBankStatus":0,"slotId":4,"slotStatus":1},{"battery":3625,"powerBankNo":"p010000001165453","powerBankStatus":0,"slotId":5,"slotStatus":1},{"battery":3587,"powerBankNo":"p010000001393350","powerBankStatus":0,"slotId":7,"slotStatus":1}]
[{"battery":3644,"powerBankNo":"p020000000277803","powerBankStatus":0,"slotId":1,"slotStatus":1}]
[{"battery":3643,"powerBankNo":"p010000001556878","powerBankStatus":0,"slotId":7,"slotStatus":1}]
[{"battery":3685,"powerBankNo":"p010000000770363","powerBankStatus":0,"slotId":7,"slotStatus":1}]
[{"battery":3667,"powerBankNo":"p010000000948544","powerBankStatus":0,"slotId":4,"slotStatus":1}]
[{"battery":3657,"powerBankNo":"p010000000812889","powerBankStatus":0,"slotId":5,"slotStatus":1},{"battery":3386,"powerBankNo":"p010000001482889","powerBankStatus":0,"slotId":7,"slotStatus":1}]
[{"battery":3681,"powerBankNo":"p020000000292805","powerBankStatus":0,"slotId":2,"slotStatus":1}]
[{"battery":3455,"powerBankNo":"p010000001133222","powerBankStatus":0,"slotId":0,"slotStatus":1},{"battery":3669,"powerBankNo":"p010000001538679","powerBankStatus":0,"slotId":1,"slotStatus":1},{"battery":3509,"powerBankNo":"p010000001165554","powerBankStatus":0,"slotId":3,"slotStatus":1},{"battery":3432,"powerBankNo":"p010000000463228","powerBankStatus":0,"slotId":4,"slotStatus":1},{"battery":3467,"powerBankNo":"p010000001387290","powerBankStatus":0,"slotId":5,"slotStatus":1},{"battery":3543,"powerBankNo":"p010000000946002","powerBankStatus":0,"slotId":7,"slotStatus":1}]
[{"battery":3455,"powerBankNo":"p010000001133222","powerBankStatus":0,"slotId":0,"slotStatus":1},{"battery":3669,"powerBankNo":"p010000001538679","powerBankStatus":0,"slotId":1,"slotStatus":1},{"battery":3509,"powerBankNo":"p010000001165554","powerBankStatus":0,"slotId":3,"slotStatus":1},{"battery":3432,"powerBankNo":"p010000000463228","powerBankStatus":0,"slotId":4,"slotStatus":1},{"battery":3467,"powerBankNo":"p010000001387290","powerBankStatus":0,"slotId":5,"slotStatus":1},{"battery":3543,"powerBankNo":"p010000000946002","powerBankStatus":0,"slotId":7,"slotStatus":1}]
